@!@!@STARTMSG 2262:0 @!@!@
TLC2 Version 2.18 of Day Month 20?? (rev: 677e994)
@!@!@ENDMSG 2262 @!@!@
@!@!@STARTMSG 2187:0 @!@!@
Running breadth-first search Model-Checking with fp 40 and seed 1326911146373780757 with 1 worker on 8 cores with 7111MB heap and 64MB offheap memory [pid: 32652] (Linux 5.10.102.1-microsoft-standard-WSL2 amd64, Private Build 17.0.9 x86_64, MSBDiskFPSet, DiskStateQueue).
@!@!@ENDMSG 2187 @!@!@
@!@!@STARTMSG 2220:0 @!@!@
Starting SANY...
@!@!@ENDMSG 2220 @!@!@
Parsing file /home/joshuazh/repo/raft/tla/etcdraft.tla
Parsing file /tmp/tlc-868310153771277884/Naturals.tla (jar:file:/home/joshuazh/.vscode-server/extensions/alygin.vscode-tlaplus-nightly-2024.3.2506/tools/tla2tools.jar!/tla2sany/StandardModules/Naturals.tla)
Parsing file /tmp/tlc-868310153771277884/Integers.tla (jar:file:/home/joshuazh/.vscode-server/extensions/alygin.vscode-tlaplus-nightly-2024.3.2506/tools/tla2tools.jar!/tla2sany/StandardModules/Integers.tla)
Parsing file /tmp/tlc-868310153771277884/Bags.tla (jar:file:/home/joshuazh/.vscode-server/extensions/alygin.vscode-tlaplus-nightly-2024.3.2506/tools/tla2tools.jar!/tla2sany/StandardModules/Bags.tla)
Parsing file /tmp/tlc-868310153771277884/FiniteSets.tla (jar:file:/home/joshuazh/.vscode-server/extensions/alygin.vscode-tlaplus-nightly-2024.3.2506/tools/tla2tools.jar!/tla2sany/StandardModules/FiniteSets.tla)
Parsing file /tmp/tlc-868310153771277884/Sequences.tla (jar:file:/home/joshuazh/.vscode-server/extensions/alygin.vscode-tlaplus-nightly-2024.3.2506/tools/tla2tools.jar!/tla2sany/StandardModules/Sequences.tla)
Parsing file /tmp/tlc-868310153771277884/SequencesExt.tla (jar:file:/home/joshuazh/.vscode-server/extensions/alygin.vscode-tlaplus-nightly-2024.3.2506/tools/CommunityModules-deps.jar!/SequencesExt.tla)
Parsing file /tmp/tlc-868310153771277884/FiniteSetsExt.tla (jar:file:/home/joshuazh/.vscode-server/extensions/alygin.vscode-tlaplus-nightly-2024.3.2506/tools/CommunityModules-deps.jar!/FiniteSetsExt.tla)
Parsing file /tmp/tlc-868310153771277884/BagsExt.tla (jar:file:/home/joshuazh/.vscode-server/extensions/alygin.vscode-tlaplus-nightly-2024.3.2506/tools/CommunityModules-deps.jar!/BagsExt.tla)
Parsing file /tmp/tlc-868310153771277884/TLC.tla (jar:file:/home/joshuazh/.vscode-server/extensions/alygin.vscode-tlaplus-nightly-2024.3.2506/tools/tla2tools.jar!/tla2sany/StandardModules/TLC.tla)
Parsing file /tmp/tlc-868310153771277884/Folds.tla (jar:file:/home/joshuazh/.vscode-server/extensions/alygin.vscode-tlaplus-nightly-2024.3.2506/tools/CommunityModules-deps.jar!/Folds.tla)
Parsing file /tmp/tlc-868310153771277884/Functions.tla (jar:file:/home/joshuazh/.vscode-server/extensions/alygin.vscode-tlaplus-nightly-2024.3.2506/tools/CommunityModules-deps.jar!/Functions.tla)
Semantic processing of module Naturals
Semantic processing of module Integers
Semantic processing of module Sequences
Semantic processing of module FiniteSets
Semantic processing of module TLC
Semantic processing of module Bags
Semantic processing of module Folds
Semantic processing of module Functions
Semantic processing of module FiniteSetsExt
Semantic processing of module SequencesExt
Semantic processing of module BagsExt
Semantic processing of module etcdraft
@!@!@STARTMSG 2219:0 @!@!@
SANY finished.
@!@!@ENDMSG 2219 @!@!@
@!@!@STARTMSG 2185:0 @!@!@
Starting... (2024-03-27 16:54:47)
@!@!@ENDMSG 2185 @!@!@
@!@!@STARTMSG 2189:0 @!@!@
Computing initial states...
@!@!@ENDMSG 2189 @!@!@
@!@!@STARTMSG 2190:0 @!@!@
Finished computing initial states: 1 distinct state generated at 2024-03-27 16:54:48.
@!@!@ENDMSG 2190 @!@!@
@!@!@STARTMSG 2200:0 @!@!@
Progress(7) at 2024-03-27 16:54:51: 30,417 states generated (30,417 s/min), 10,923 distinct states found (10,923 ds/min), 8,899 states left on queue.
@!@!@ENDMSG 2200 @!@!@
